/home/runner/workspace/AstroToolkitWeb/Services/WeatherService.cs(48,38): error CS1061: 'WeatherData' does not contain a definition for 'ForecastTime' and no accessible extension method 'ForecastTime' accepting a first argument of type 'WeatherData' could be found (are you missing a using directive or an assembly reference?) [/home/runner/workspace/AstroToolkitWeb/AstroToolkitWeb.csproj]
/home/runner/workspace/AstroToolkitWeb/Services/WeatherService.cs(248,17): error CS0117: 'WeatherData' does not contain a definition for 'AstroRating' [/home/runner/workspace/AstroToolkitWeb/AstroToolkitWeb.csproj]
/home/runner/workspace/AstroToolkitWeb/Services/WeatherService.cs(249,17): error CS0117: 'WeatherData' does not contain a definition for 'ForecastTime' [/home/runner/workspace/AstroToolkitWeb/AstroToolkitWeb.csproj]
/home/runner/workspace/AstroToolkitWeb/Services/WeatherService.cs(250,17): error CS0117: 'WeatherData' does not contain a definition for 'WeatherDescription' [/home/runner/workspace/AstroToolkitWeb/AstroToolkitWeb.csproj]
/home/runner/workspace/AstroToolkitWeb/Services/WeatherService.cs(252,29): error CS0029: Cannot implicitly convert type 'AstroToolkitWeb.Models.MoonPhase' to 'double?' [/home/runner/workspace/AstroToolkitWeb/AstroToolkitWeb.csproj]
/home/runner/workspace/AstroToolkitWeb/Services/WeatherService.cs(253,17): error CS0117: 'WeatherData' does not contain a definition for 'SunriseTime' [/home/runner/workspace/AstroToolkitWeb/AstroToolkitWeb.csproj]
/home/runner/workspace/AstroToolkitWeb/Services/WeatherService.cs(254,17): error CS0117: 'WeatherData' does not contain a definition for 'SunsetTime' [/home/runner/workspace/AstroToolkitWeb/AstroToolkitWeb.csproj]
/home/runner/workspace/AstroToolkitWeb/Data/ApplicationDbContext.cs(57,40): error CS1061: 'WeatherData' does not contain a definition for 'WeatherDescription' and no accessible extension method 'WeatherDescription' accepting a first argument of type 'WeatherData' could be found (are you missing a using directive or an assembly reference?) [/home/runner/workspace/AstroToolkitWeb/AstroToolkitWeb.csproj]
/home/runner/workspace/AstroToolkitWeb/Pages/Index.razor(45,19): warning CS8618: Non-nullable property 'IconCode' must contain a non-null value when exiting constructor. Consider declaring the property as nullable. [/home/runner/workspace/AstroToolkitWeb/AstroToolkitWeb.csproj]

The build failed. Fix the build errors and run again.
